<?xml version="1.0" encoding="UTF-8"?>
<!-- Generated by org.testng.reporters.JUnitXMLReporter -->
<testsuite ignored="0" hostname="DESKTOP-DLAD3CB" failures="0" tests="7" name="Command line test" time="3.691" errors="0" timestamp="2023-02-14T10:30:28 ICT">
  <testcase classname="LoginTestCase" name="testCase1" time="0.435"/>
  <testcase classname="LoginTestCase" name="testCase2" time="0.182"/>
  <testcase classname="LoginTestCase" name="testCase3" time="0.132"/>
  <testcase classname="LoginTestCase" name="testCase4" time="0.122"/>
  <testcase classname="LoginTestCase" name="testCase5" time="0.173"/>
  <testcase classname="LoginTestCase" name="testCase6" time="0.12"/>
  <testcase classname="LoginTestCase" name="testCase7" time="0.202"/>
</testsuite> <!-- Command line test -->
