<?xml version="1.0" encoding="UTF-8"?>
<!-- Generated by org.testng.reporters.JUnitXMLReporter -->
<testsuite ignored="0" hostname="DESKTOP-DLAD3CB" failures="0" tests="7" name="Command line test" time="10.41" errors="0" timestamp="2023-02-14T10:15:44 ICT">
  <testcase classname="LoginTestCase" name="testCase1" time="7.262"/>
  <testcase classname="LoginTestCase" name="testCase2" time="0.173"/>
  <testcase classname="LoginTestCase" name="testCase3" time="0.131"/>
  <testcase classname="LoginTestCase" name="testCase4" time="0.118"/>
  <testcase classname="LoginTestCase" name="testCase5" time="0.169"/>
  <testcase classname="LoginTestCase" name="testCase6" time="0.116"/>
  <testcase classname="LoginTestCase" name="testCase7" time="0.178"/>
</testsuite> <!-- Command line test -->
