<?xml version="1.0" encoding="UTF-8"?>
<!-- Generated by org.testng.reporters.JUnitXMLReporter -->
<testsuite ignored="0" hostname="DESKTOP-DLAD3CB" failures="0" tests="7" name="Surefire test" time="3.717" errors="0" timestamp="2023-02-14T10:36:07 ICT">
  <testcase classname="LoginTestCase" name="testCase1" time="0.454"/>
  <testcase classname="LoginTestCase" name="testCase2" time="0.181"/>
  <testcase classname="LoginTestCase" name="testCase3" time="0.133"/>
  <testcase classname="LoginTestCase" name="testCase4" time="0.121"/>
  <testcase classname="LoginTestCase" name="testCase5" time="0.174"/>
  <testcase classname="LoginTestCase" name="testCase6" time="0.122"/>
  <testcase classname="LoginTestCase" name="testCase7" time="0.186"/>
</testsuite> <!-- Surefire test -->
