<?xml version="1.0" encoding="UTF-8"?>
<!-- Generated by org.testng.reporters.JUnitXMLReporter -->
<testsuite ignored="0" hostname="DESKTOP-DLAD3CB" failures="0" tests="7" name="Login Test Case" time="3.729" errors="0" timestamp="2023-02-14T11:04:33 ICT">
  <testcase classname="LoginTestCase" name="testCase1" time="0.426"/>
  <testcase classname="LoginTestCase" name="testCase2" time="0.179"/>
  <testcase classname="LoginTestCase" name="testCase3" time="0.134"/>
  <testcase classname="LoginTestCase" name="testCase4" time="0.125"/>
  <testcase classname="LoginTestCase" name="testCase5" time="0.179"/>
  <testcase classname="LoginTestCase" name="testCase6" time="0.124"/>
  <testcase classname="LoginTestCase" name="testCase7" time="0.187"/>
</testsuite> <!-- Login Test Case -->
