<?xml version="1.0" encoding="UTF-8"?>
<!-- Generated by org.testng.reporters.JUnitXMLReporter -->
<testsuite ignored="0" hostname="DESKTOP-DLAD3CB" failures="0" tests="7" name="Login Test Case" time="3.781" errors="0" timestamp="2023-02-14T11:06:16 ICT">
  <testcase classname="LoginTestCase" name="testCase1" time="0.459"/>
  <testcase classname="LoginTestCase" name="testCase2" time="0.186"/>
  <testcase classname="LoginTestCase" name="testCase3" time="0.135"/>
  <testcase classname="LoginTestCase" name="testCase4" time="0.124"/>
  <testcase classname="LoginTestCase" name="testCase5" time="0.176"/>
  <testcase classname="LoginTestCase" name="testCase6" time="0.122"/>
  <testcase classname="LoginTestCase" name="testCase7" time="0.193"/>
</testsuite> <!-- Login Test Case -->
