<?xml version="1.0" encoding="UTF-8"?>
<testng-results ignored="0" total="7" passed="7" failed="0" skipped="0">
  <reporter-output>
  </reporter-output>
  <suite started-at="2023-02-14T11:04:30 ICT" name="TestSuite" finished-at="2023-02-14T11:04:33 ICT" duration-ms="3729">
    <groups>
    </groups>
    <test started-at="2023-02-14T11:04:30 ICT" name="Login Test Case" finished-at="2023-02-14T11:04:33 ICT" duration-ms="3729">
      <class name="LoginTestCase">
        <test-method is-config="true" signature="setUp()[pri:0, instance:LoginTestCase@4278a03f]" started-at="2023-02-14T11:04:30 ICT" name="setUp" finished-at="2023-02-14T11:04:32 ICT" duration-ms="2239" status="PASS">
          <reporter-output>
          </reporter-output>
        </test-method> <!-- setUp -->
        <test-method signature="testCase1()[pri:0, instance:LoginTestCase@4278a03f]" started-at="2023-02-14T11:04:32 ICT" name="testCase1" finished-at="2023-02-14T11:04:32 ICT" duration-ms="426" status="PASS">
          <reporter-output>
          </reporter-output>
        </test-method> <!-- testCase1 -->
        <test-method signature="testCase2()[pri:0, instance:LoginTestCase@4278a03f]" started-at="2023-02-14T11:04:32 ICT" name="testCase2" finished-at="2023-02-14T11:04:32 ICT" duration-ms="179" status="PASS">
          <reporter-output>
          </reporter-output>
        </test-method> <!-- testCase2 -->
        <test-method signature="testCase3()[pri:0, instance:LoginTestCase@4278a03f]" started-at="2023-02-14T11:04:32 ICT" name="testCase3" finished-at="2023-02-14T11:04:33 ICT" duration-ms="134" status="PASS">
          <reporter-output>
          </reporter-output>
        </test-method> <!-- testCase3 -->
        <test-method signature="testCase4()[pri:0, instance:LoginTestCase@4278a03f]" started-at="2023-02-14T11:04:33 ICT" name="testCase4" finished-at="2023-02-14T11:04:33 ICT" duration-ms="125" status="PASS">
          <reporter-output>
          </reporter-output>
        </test-method> <!-- testCase4 -->
        <test-method signature="testCase5()[pri:0, instance:LoginTestCase@4278a03f]" started-at="2023-02-14T11:04:33 ICT" name="testCase5" finished-at="2023-02-14T11:04:33 ICT" duration-ms="179" status="PASS">
          <reporter-output>
          </reporter-output>
        </test-method> <!-- testCase5 -->
        <test-method signature="testCase6()[pri:0, instance:LoginTestCase@4278a03f]" started-at="2023-02-14T11:04:33 ICT" name="testCase6" finished-at="2023-02-14T11:04:33 ICT" duration-ms="124" status="PASS">
          <reporter-output>
          </reporter-output>
        </test-method> <!-- testCase6 -->
        <test-method signature="testCase7()[pri:0, instance:LoginTestCase@4278a03f]" started-at="2023-02-14T11:04:33 ICT" name="testCase7" finished-at="2023-02-14T11:04:33 ICT" duration-ms="187" status="PASS">
          <reporter-output>
          </reporter-output>
        </test-method> <!-- testCase7 -->
        <test-method is-config="true" signature="tearDown()[pri:0, instance:LoginTestCase@4278a03f]" started-at="2023-02-14T11:04:33 ICT" name="tearDown" finished-at="2023-02-14T11:04:33 ICT" duration-ms="107" status="PASS">
          <reporter-output>
          </reporter-output>
        </test-method> <!-- tearDown -->
      </class> <!-- LoginTestCase -->
    </test> <!-- Login Test Case -->
  </suite> <!-- TestSuite -->
</testng-results>
